2025-02-04 12:54:01.719783 PLAYGROUND v0.1 exit code 0
2025-02-04 12:54:46.697433 PLAYGROUND v0.1 exit code 0
2025-02-04 14:40:27,132 - INFO - PLAYGROUND v0.1 exit code 0
2025-02-04 14:41:40,501 - INFO - PLAYGROUND v0.1 exit code 0
2025-02-04 14:44:42,926 - ERROR - PLAYGROUND v0.1 exit code 2
2025-02-04 14:45:24,503 - ERROR - PLAYGROUND v0.1 exit code 2
2025-02-04 14:45:36,465 - INFO - PLAYGROUND v0.1 exit code 0
2025-02-04 15:01:16,493 - INFO - Action: build
2025-02-04 15:01:16,494 - INFO - Config File: deployments/build_vars.yml
2025-02-04 15:01:16,495 - INFO - Playbook Path: playgroundengine/src/playbooks/create_topology.yml
2025-02-04 15:01:17,360 - INFO - PLAYGROUND v0.1 exit code 0
2025-02-04 15:01:29,275 - INFO - Action: build
2025-02-04 15:01:29,275 - INFO - Config File: deployments/build_vars.yml
2025-02-04 15:01:29,276 - INFO - Playbook Path: playgroundengine/src/playbooks/create_topology.yml
2025-02-04 15:01:30,015 - INFO - PLAYGROUND v0.1 exit code 0
2025-02-04 15:12:31,329 - INFO - Action: build
2025-02-04 15:12:31,330 - INFO - Config File: deployments/build_vars.yml
2025-02-04 15:12:31,332 - INFO - Playbook Path: playgroundengine/src/playbooks/create_topology.yml
2025-02-04 15:12:32,171 - INFO - PLAYGROUND v0.1 exit code 0
2025-02-04 15:23:40,866 - INFO - Action: build
2025-02-04 15:23:40,866 - INFO - Config File: deployments/build_vars.yml
2025-02-04 15:23:40,868 - INFO - Playbook Path: playgroundengine/src/playbooks/create_topology.yml
2025-02-04 15:23:41,736 - INFO - PLAYGROUND v0.1 exit code 0
2025-02-04 15:23:49,556 - INFO - Action: generate-config
2025-02-04 15:23:49,556 - INFO - Config File: deployments/project_GAV/vars.yml
2025-02-04 15:23:50,882 - INFO - PLAYGROUND v0.1 exit code 0
2025-02-04 15:42:35,476 - INFO - Action: build
2025-02-04 15:42:35,476 - INFO - Config File: deployments/build_vars.yml
2025-02-04 15:42:35,477 - INFO - Playbook Path: playgroundengine/src/playbooks/create_topology.yml
2025-02-04 15:42:36,333 - INFO - PLAYGROUND v0.1 exit code 0
2025-02-04 15:45:12,689 - INFO - Action: build
2025-02-04 15:45:12,689 - INFO - Config File: deployments/build_vars.yml
2025-02-04 15:45:12,690 - INFO - Playbook Path: playgroundengine/src/playbooks/create_topology.yml
2025-02-04 15:45:13,074 - ERROR - PLAYGROUND v0.1 exit code 2
2025-02-04 15:48:58,231 - INFO - Action: build
2025-02-04 15:48:58,231 - INFO - Config File: deployments/build_vars.yml
2025-02-04 15:48:58,232 - INFO - Playbook Path: playgroundengine/src/playbooks/create_topology.yml
2025-02-04 15:48:58,715 - ERROR - PLAYGROUND v0.1 exit code 2
2025-02-04 15:52:41,621 - INFO - Action: build
2025-02-04 15:52:41,621 - INFO - Config File: deployments/project_GAV/vars.yml
2025-02-04 15:52:41,622 - INFO - Playbook Path: playgroundengine/src/playbooks/create_topology.yml
2025-02-04 15:52:42,112 - ERROR - PLAYGROUND v0.1 exit code 2
2025-02-04 15:53:04,595 - INFO - Action: build
2025-02-04 15:53:04,595 - INFO - Config File: deployments/build_vars.yml
2025-02-04 15:53:04,596 - INFO - Playbook Path: playgroundengine/src/playbooks/create_topology.yml
2025-02-04 15:53:05,334 - INFO - PLAYGROUND v0.1 exit code 0
2025-02-04 15:56:26,483 - INFO - Action: build
2025-02-04 15:56:26,484 - INFO - Config File: deployments/build_vars.yml
2025-02-04 15:56:26,485 - INFO - Playbook Path: playgroundengine/src/playbooks/create_topology.yml
2025-02-04 15:56:27,323 - INFO - PLAYGROUND v0.1 exit code 0
2025-02-04 16:01:35,282 - INFO - Action: build
2025-02-04 16:01:35,282 - INFO - Config File: deployments/build_vars.yml
2025-02-04 16:01:35,283 - INFO - Playbook Path: playgroundengine/src/playbooks/create_topology.yml
2025-02-04 16:01:36,283 - INFO - PLAYGROUND v0.1 exit code 0
2025-02-04 16:43:46,915 - INFO - Action: build
2025-02-04 16:43:46,915 - INFO - Config File: deployments/build_vars.yml
2025-02-04 16:43:46,918 - INFO - Playbook Path: playgroundengine/src/playbooks/create_topology.yml
2025-02-04 16:43:47,338 - ERROR - PLAYGROUND v0.1 exit code 4
2025-02-04 16:44:04,191 - INFO - Action: build
2025-02-04 16:44:04,191 - INFO - Config File: deployments/build_vars.yml
2025-02-04 16:44:04,192 - INFO - Playbook Path: playgroundengine/src/playbooks/create_topology.yml
2025-02-04 16:44:04,562 - ERROR - PLAYGROUND v0.1 exit code 2
2025-02-04 16:45:17,277 - INFO - Action: build
2025-02-04 16:45:17,277 - INFO - Config File: deployments/build_vars.yml
2025-02-04 16:45:17,278 - INFO - Playbook Path: playgroundengine/src/playbooks/create_topology.yml
2025-02-04 16:45:17,628 - ERROR - PLAYGROUND v0.1 exit code 2
2025-02-04 16:47:32,656 - INFO - Action: build
2025-02-04 16:47:32,656 - INFO - Config File: deployments/build_vars.yml
2025-02-04 16:47:32,657 - INFO - Playbook Path: playgroundengine/src/playbooks/create_topology.yml
2025-02-04 16:47:33,104 - ERROR - PLAYGROUND v0.1 exit code 2
2025-02-04 17:07:00,039 - INFO - Action: build
2025-02-04 17:07:00,039 - INFO - Config File: deployments/build_vars.yml
2025-02-04 17:07:00,040 - INFO - Playbook Path: playgroundengine/src/playbooks/create_topology.yml
2025-02-04 17:07:00,538 - ERROR - PLAYGROUND v0.1 exit code 2
2025-02-04 17:07:37,758 - INFO - Action: build
2025-02-04 17:07:37,758 - INFO - Config File: deployments/build_vars.yml
2025-02-04 17:07:37,759 - INFO - Playbook Path: playgroundengine/src/playbooks/create_topology.yml
2025-02-04 17:07:38,486 - INFO - PLAYGROUND v0.1 exit code 0
2025-02-04 17:08:46,679 - INFO - Action: build
2025-02-04 17:08:46,679 - INFO - Config File: deployments/build_vars.yml
2025-02-04 17:08:46,680 - INFO - Playbook Path: playgroundengine/src/playbooks/create_topology.yml
2025-02-04 17:08:47,075 - ERROR - PLAYGROUND v0.1 exit code 2
2025-02-04 17:09:27,977 - INFO - Action: build
2025-02-04 17:09:27,977 - INFO - Config File: deployments/build_vars.yml
2025-02-04 17:09:27,979 - INFO - Playbook Path: playgroundengine/src/playbooks/create_topology.yml
2025-02-04 17:09:28,805 - ERROR - PLAYGROUND v0.1 exit code 2
2025-02-04 17:11:21,782 - INFO - Action: build
2025-02-04 17:11:21,782 - INFO - Config File: deployments/build_vars.yml
2025-02-04 17:11:21,784 - INFO - Playbook Path: playgroundengine/src/playbooks/create_topology.yml
2025-02-04 17:11:22,582 - INFO - PLAYGROUND v0.1 exit code 0
2025-02-04 17:11:33,159 - INFO - Action: build
2025-02-04 17:11:33,159 - INFO - Config File: deployments/build_vars.yml
2025-02-04 17:11:33,160 - INFO - Playbook Path: playgroundengine/src/playbooks/create_topology.yml
2025-02-04 17:11:33,959 - INFO - PLAYGROUND v0.1 exit code 0
